This is pdfTeX, Version 3.1415926-2.5-1.40.14 (TeX Live 2013/Debian) (format=latex 2015.6.16)  27 AUG 2015 05:21
entering extended mode
 restricted \write18 enabled.
 %&-line parsing enabled.
**f(i)=\max_{0<=j<i}{f(j)+d(i,j)}

! Emergency stop.
<to be read again> 
                   \mathop 
<*> f(i)=\max
             _{0<=j<i}{f(j)+d(i,j)}
End of file on the terminal!

 
Here is how much of TeX's memory you used:
 3 strings out of 493305
 106 string characters out of 6139897
 51877 words of memory out of 5000000
 3564 multiletter control sequences out of 15000+600000
 3640 words of font info for 14 fonts, out of 8000000 for 9000
 957 hyphenation exceptions out of 8191
 2i,0n,0p,33b,6s stack positions out of 5000i,500n,10000p,200000b,80000s
No pages of output.
